c:\users\administrator\desktop\软件包\pdu_task_周亮v3.2 完善\pdumessage\x64\debug\pdu.nativecodeanalysis.xml
c:\users\administrator\desktop\软件包\pdu_task_周亮v3.2 完善\pdumessage\x64\debug\pdudecode.nativecodeanalysis.xml
c:\users\administrator\desktop\软件包\pdu_task_周亮v3.2 完善\pdumessage\x64\debug\pduencode.nativecodeanalysis.xml
c:\users\administrator\desktop\软件包\pdu_task_周亮v3.2 完善\pdumessage\x64\debug\vc141.pdb
c:\users\administrator\desktop\软件包\pdu_task_周亮v3.2 完善\pdumessage\x64\debug\vc141.idb
c:\users\administrator\desktop\软件包\pdu_task_周亮v3.2 完善\pdumessage\x64\debug\pduencode.obj
c:\users\administrator\desktop\软件包\pdu_task_周亮v3.2 完善\pdumessage\x64\debug\pdudecode.obj
c:\users\administrator\desktop\软件包\pdu_task_周亮v3.2 完善\pdumessage\x64\debug\pdu.obj
c:\users\administrator\desktop\软件包\pdu_task_周亮v3.2 完善\x64\debug\pdumessage.ilk
c:\users\administrator\desktop\软件包\pdu_task_周亮v3.2 完善\x64\debug\pdumessage.exe
c:\users\administrator\desktop\软件包\pdu_task_周亮v3.2 完善\x64\debug\pdumessage.pdb
g:\软件包\pdu_task_周亮v3.3编码风格\pdumessage\x64\debug\pdu.obj
g:\软件包\pdu_task_周亮v3.3编码风格\pdumessage\x64\debug\pdudecode.obj
g:\软件包\pdu_task_周亮v3.3编码风格\pdumessage\x64\debug\pduencode.obj
g:\软件包\pdu_task_周亮v3.3编码风格\pdumessage\x64\debug\nativecodeanalysis.read.1.tlog
g:\软件包\pdu_task_周亮v3.3编码风格\pdumessage\x64\debug\vc141.idb
g:\软件包\pdu_task_周亮v3.3编码风格\pdumessage\x64\debug\vc141.pdb
g:\软件包\pdu_task_周亮v3.3编码风格\pdumessage\x64\debug\pdu.nativecodeanalysis.xml
g:\软件包\pdu_task_周亮v3.3编码风格\pdumessage\x64\debug\pdudecode.nativecodeanalysis.xml
g:\软件包\pdu_task_周亮v3.3编码风格\pdumessage\x64\debug\pduencode.nativecodeanalysis.xml
g:\软件包\pdu_task_周亮v3.3编码风格\pdumessage\x64\debug\vc.nativecodeanalysis.all.xml
g:\软件包\pdu_task_周亮v3.3编码风格\x64\debug\pdumessage.pdb
g:\软件包\pdu_task_周亮v3.3编码风格\x64\debug\pdumessage.exe
g:\软件包\pdu_task_周亮v3.3编码风格\x64\debug\pdumessage.ilk
g:\软件包\pdu_task_周亮v3.3编码风格\pdumessage\x64\debug\pdumessage.tlog\cl.command.1.tlog
g:\软件包\pdu_task_周亮v3.3编码风格\pdumessage\x64\debug\pdumessage.tlog\cl.read.1.tlog
g:\软件包\pdu_task_周亮v3.3编码风格\pdumessage\x64\debug\pdumessage.tlog\cl.write.1.tlog
g:\软件包\pdu_task_周亮v3.3编码风格\pdumessage\x64\debug\pdumessage.tlog\link.command.1.tlog
g:\软件包\pdu_task_周亮v3.3编码风格\pdumessage\x64\debug\pdumessage.tlog\link.read.1.tlog
g:\软件包\pdu_task_周亮v3.3编码风格\pdumessage\x64\debug\pdumessage.tlog\link.write.1.tlog
